{"message":"Recipe with id 0 not found","level":"error"}
{"message":"Title is required","level":"error"}
{"message":"Recipe with id of 4 was created","level":"info"}
{"message":"Recipe with title SteW not found","level":"error"}
{"message":"Recipe with title Breaasfd12e not found","level":"error"}
{"message":"Recipe with title Milk not found","level":"error"}
{"message":"Recipe with title undefined not found","level":"error"}
{"message":"Recipe with title undefined not found","level":"error"}
{"message":"Recipe with title undefined not found","level":"error"}
{"message":"Recipe with id of 5 was created","level":"info"}
{"message":"Recipe with title undefined not found","level":"error"}
{"message":"Recipe with id of 4 was created","level":"info"}
{"message":"Recipe with id of 5 was created","level":"info"}
{"message":"Recipe with id of 6 was created","level":"info"}
{"message":"Recipe with id of 7 was created","level":"info"}
{"message":"Recipe with id of 4 was created","level":"info"}
{"message":"Recipe with title :1 not found","level":"error"}
{"message":"Recipe with title :1 not found","level":"error"}
{"message":"Recipe with title :1 not found","level":"error"}
{"message":"Recipe with title :1 not found","level":"error"}
{"message":"Recipe with title :1 not found","level":"error"}
{"message":"Recipe with title :1 not found","level":"error"}
{"message":"Recipe with title :1 not found","level":"error"}
{"message":"Recipe with title :1 not found","level":"error"}
{"message":"Recipe with title :1 not found","level":"error"}
{"message":"Recipe with title :1 not found","level":"error"}
{"message":"Recipe with title :1 not found","level":"error"}
{"message":"Recipe with title :1 not found","level":"error"}
{"message":"Recipe with id of 5 was created","level":"info"}
{"message":"Recipe with title :1 not found","level":"error"}
{"message":"Recipe with title :1 not found","level":"error"}
{"message":"Recipe with title :1 not found","level":"error"}
{"message":"Recipe with title :1 not found","level":"error"}
{"message":"Recipe with title :2 not found","level":"error"}
{"message":"Recipe with title :3 not found","level":"error"}
{"message":"Recipe with title :2 not found","level":"error"}
{"message":"Recipe with title :1 not found","level":"error"}
{"message":"Recipe with title :1 not found","level":"error"}
{"message":"Recipe with title :1 not found","level":"error"}
{"message":"Recipe with title :1 not found","level":"error"}
{"message":"Recipe with title :1 not found","level":"error"}
{"message":"Recipe with title :1 not found","level":"error"}
{"message":"Recipe with title :1 not found","level":"error"}
{"message":"Recipe with title :1 not found","level":"error"}
{"message":"Recipe with title :1 not found","level":"error"}
{"message":"Recipe with title :1 not found","level":"error"}
{"message":"Recipe with title :1 not found","level":"error"}
{"message":"Recipe with title :1 not found","level":"error"}
{"message":"Recipe with title :1 not found","level":"error"}
{"message":"Recipe with title :1 not found","level":"error"}
{"message":"Recipe with title :1 not found","level":"error"}
{"message":"Recipe with title 1 not found","level":"error"}
{"message":"Recipe with title 1 not found","level":"error"}
{"message":"Recipe with id of 6 was created","level":"info"}
{"message":"Recipe with title 1 not found","level":"error"}
{"message":"Recipe with title 1 not found","level":"error"}
{"message":"Recipe with title 1 not found","level":"error"}
{"message":"Recipe with title 1 not found","level":"error"}
{"message":"Recipe with title 1 not found","level":"error"}
{"message":"Recipe with title 1 not found","level":"error"}
{"message":"Recipe with title 1 not found","level":"error"}
{"message":"Recipe with title 1 not found","level":"error"}
{"message":"Recipe with title 1 not found","level":"error"}
{"message":"Recipe with title 1 not found","level":"error"}
{"message":"Recipe with title 1 not found","level":"error"}
{"message":"Recipe with title 1 not found","level":"error"}
{"message":"Recipe with title 1 not found","level":"error"}
{"message":"Recipe with title 1 not found","level":"error"}
{"message":"Recipe with title 1 not found","level":"error"}
{"message":"Recipe with title 1 not found","level":"error"}
{"message":"Recipe with title 1 not found","level":"error"}
{"message":"Recipe with title 1 not found","level":"error"}
{"message":"Recipe with title 1 not found","level":"error"}
{"message":"Recipe with title 1 not found","level":"error"}
{"message":"Recipe with title 1 not found","level":"error"}
{"message":"Recipe with title 1 not found","level":"error"}
{"message":"Recipe with title 1 not found","level":"error"}
{"message":"Recipe with title 3 not found","level":"error"}
{"message":"Recipe with title 3 not found","level":"error"}
{"message":"Recipe with title stew not found","level":"error"}
{"message":"Recipe with title 3 not found","level":"error"}
{"message":"Recipe with title 3 not found","level":"error"}
{"message":"Recipe with title Lembas not found","level":"error"}
{"message":"Recipe with title 3 not found","level":"error"}
{"message":"Recipe with title 3 not found","level":"error"}
{"message":"Recipe with id of 4 was created","level":"info"}
{"message":"Recipe with title 3 not found","level":"error"}
{"message":"Recipe with title 4 not found","level":"error"}
{"message":"Recipe with title 4 not found","level":"error"}
{"message":"Recipe with title 4 not found","level":"error"}
{"message":"Recipe with title 3 not found","level":"error"}
{"message":"Recipe with title 3 not found","level":"error"}
{"message":"Recipe with title 3 not found","level":"error"}
{"message":"Recipe with title 4 not found","level":"error"}
{"message":"Recipe with title 4 not found","level":"error"}
{"message":"Recipe with title 3 not found","level":"error"}
{"message":"Recipe with title 4 not found","level":"error"}
{"message":"Recipe with title 3 not found","level":"error"}
{"message":"Recipe with title 4 not found","level":"error"}
{"message":"Recipe with title 4 not found","level":"error"}
{"message":"Recipe with title 3 not found","level":"error"}
{"message":"Recipe with title 3 not found","level":"error"}
{"message":"Recipe with title 1 not found","level":"error"}
{"message":"Recipe with title 3 not found","level":"error"}
{"message":"Recipe with id of 11 was created","level":"info"}
{"message":"Recipe with title 3 not found","level":"error"}
{"message":"Recipe with title 11 not found","level":"error"}
{"message":"Recipe with title 11 not found","level":"error"}
{"message":"Recipe with title 11 not found","level":"error"}
{"message":"Recipe with title 11 not found","level":"error"}
{"message":"Recipe with title 11 not found","level":"error"}
{"message":"Recipe with title 11 not found","level":"error"}
{"message":"Recipe with title 11 not found","level":"error"}
{"message":"Recipe with title 11 not found","level":"error"}
{"message":"Recipe with title 1 not found","level":"error"}
{"message":"Recipe with title 1 not found","level":"error"}
{"message":"Recipe with title 1 not found","level":"error"}
{"message":"Recipe with id 11 has been deleted","level":"info"}
{"message":"Recipe with id 11 not found","level":"error"}
{"message":"Recipe with id of 12 was created","level":"info"}
{"message":"Recipe with id of 13 was created","level":"info"}
{"message":"Recipe with id 12 has been deleted","level":"info"}
{"message":"Recipe with id of 14 was created","level":"info"}
{"message":"Recipe with id 14 has been deleted","level":"info"}
{"message":"Recipe with id of 15 was created","level":"info"}
{"message":"Recipe with id of 16 was created","level":"info"}
{"message":"Recipe with id 13 has been deleted","level":"info"}
{"message":"Recipe with id 15 has been deleted","level":"info"}
{"message":"Recipe with id 16 has been deleted","level":"info"}
{"message":"Recipe with id of 17 was created","level":"info"}
{"message":"Recipe with id of 19 was created","level":"info"}
{"message":"Recipe with id of 20 was created","level":"info"}
{"message":"Recipe with id 4 not found","level":"error"}
{"message":"Recipe with id 4 not found","level":"error"}
{"message":"Recipe with id 4 not found","level":"error"}
{"message":"Recipe with id 4 not found","level":"error"}
{"message":"Recipe with id 4 not found","level":"error"}
{"message":"Recipe with id 4 not found","level":"error"}
{"message":"Recipe with id 4 not found","level":"error"}
{"message":"Recipe with id 4 not found","level":"error"}
{"message":"Recipe with id 4 not found","level":"error"}
{"message":"Recipe with id 4 not found","level":"error"}
{"message":"Recipe with id 4 not found","level":"error"}
{"message":"Recipe with id 4 not found","level":"error"}
{"message":"Recipe with id 4 not found","level":"error"}
{"message":"Recipe with id 4 not found","level":"error"}
{"message":"Recipe with id 4 not found","level":"error"}
{"message":"Recipe with id 4 not found","level":"error"}
{"message":"Recipe with id 4 not found","level":"error"}
{"message":"Recipe with id 4 not found","level":"error"}
{"message":"Recipe with id 4 not found","level":"error"}
{"message":"Recipe with id 4 not found","level":"error"}
{"message":"Recipe with id 4 not found","level":"error"}
{"message":"Recipe with id 4 not found","level":"error"}
{"message":"Recipe with id 4 not found","level":"error"}
{"message":"Recipe with id 4 not found","level":"error"}
{"message":"Recipe with id 4 not found","level":"error"}
{"message":"Recipe with id 4 not found","level":"error"}
{"message":"Recipe with id 4 not found","level":"error"}
{"message":"Recipe with id 4 not found","level":"error"}
{"message":"Recipe with id 4 not found","level":"error"}
{"message":"Recipe with id 4 not found","level":"error"}
{"message":"Recipe with id 4 not found","level":"error"}
{"message":"Recipe with id 4 not found","level":"error"}
{"message":"Recipe with id 4 not found","level":"error"}
{"message":"Recipe with id 4 not found","level":"error"}
{"message":"Recipe with id 4 not found","level":"error"}
{"message":"Recipe with id 4 not found","level":"error"}
{"message":"Recipe with id 4 not found","level":"error"}
{"message":"Recipe with id 4 not found","level":"error"}
{"message":"Recipe with id 4 not found","level":"error"}
{"message":"Recipe with id 4 not found","level":"error"}
{"message":"Recipe with id 4 not found","level":"error"}
{"message":"Recipe with id 4 not found","level":"error"}
{"message":"Recipe with id 4 not found","level":"error"}
{"message":"Recipe with id 4 not found","level":"error"}
{"message":"Recipe with id 4 not found","level":"error"}
{"message":"Recipe with id 4 not found","level":"error"}
{"message":"Recipe with id 4 not found","level":"error"}
{"message":"Recipe with id 4 not found","level":"error"}
{"message":"Recipe with id 4 not found","level":"error"}
{"message":"Recipe with id 4 not found","level":"error"}
{"message":"Recipe with id 4 not found","level":"error"}
{"message":"Recipe with id 4 not found","level":"error"}
{"message":"Recipe with id 4 not found","level":"error"}
{"message":"Recipe with id 4 not found","level":"error"}
{"message":"Recipe with id 4 not found","level":"error"}
{"message":"Recipe with id 4 not found","level":"error"}
{"message":"Recipe with id 4 not found","level":"error"}
{"message":"Recipe with id 4 not found","level":"error"}
{"message":"Recipe with id 4 not found","level":"error"}
{"message":"Recipe with id 4 not found","level":"error"}
{"message":"Recipe with id 4 not found","level":"error"}
{"message":"Recipe with id 4 not found","level":"error"}
{"message":"Recipe with id 4 not found","level":"error"}
{"message":"Recipe with id 4 not found","level":"error"}
{"message":"Recipe with id 4 not found","level":"error"}
{"message":"Recipe with id 4 not found","level":"error"}
{"message":"Recipe with id 4 not found","level":"error"}
{"message":"Recipe with id 4 not found","level":"error"}
{"message":"Recipe with id 4 not found","level":"error"}
{"message":"Recipe with id 4 not found","level":"error"}
{"message":"Recipe with id 4 not found","level":"error"}
{"message":"Recipe with id 4 not found","level":"error"}
{"message":"Recipe with id 4 not found","level":"error"}
{"message":"Recipe with id 4 not found","level":"error"}
{"message":"Recipe with id 4 not found","level":"error"}
{"message":"Recipe with id 4 not found","level":"error"}
{"message":"Recipe with id 4 not found","level":"error"}
{"message":"Recipe with id 4 not found","level":"error"}
{"message":"Recipe with id 4 not found","level":"error"}
{"message":"Recipe with id 4 not found","level":"error"}
{"message":"Recipe with id 4 not found","level":"error"}
{"message":"Recipe with id 4 not found","level":"error"}
{"message":"Recipe with id 4 not found","level":"error"}
{"message":"Recipe with id 4 not found","level":"error"}
{"message":"Recipe with id 4 not found","level":"error"}
{"message":"Recipe with id 4 not found","level":"error"}
{"message":"Recipe with id 4 not found","level":"error"}
{"message":"Recipe with id 4 not found","level":"error"}
{"message":"Recipe with id 4 not found","level":"error"}
{"message":"Recipe with id 4 not found","level":"error"}
{"message":"Recipe with id 4 not found","level":"error"}
{"message":"Recipe with id 4 not found","level":"error"}
{"message":"Recipe with id 4 not found","level":"error"}
{"message":"Recipe with id 4 not found","level":"error"}
{"message":"Recipe with id 4 not found","level":"error"}
{"message":"Recipe with owner 4 not found","level":"error"}
{"message":"Recipe with id undefined not found","level":"error"}
{"message":"Recipe with id 4 not found","level":"error"}
{"message":"Recipe with id 4 not found","level":"error"}
{"message":"Recipe with id 4 not found","level":"error"}
{"message":"Recipe with owner 4 not found","level":"error"}
{"message":"Recipe with id 4 not found","level":"error"}
{"message":"Recipe with id 4 not found","level":"error"}
{"message":"Recipe with id 4 not found","level":"error"}
{"message":"Recipe with id 4 not found","level":"error"}
{"message":"Recipe with id 4 not found","level":"error"}
{"message":"Recipe with id 4 not found","level":"error"}
{"message":"Recipe with id 4 not found","level":"error"}
{"message":"Recipe with id 4 not found","level":"error"}
{"message":"Recipe with id 4 not found","level":"error"}
{"message":"Recipe with id 4 not found","level":"error"}
{"message":"Recipe with id 4 not found","level":"error"}
{"message":"Recipe with id 4 not found","level":"error"}
{"message":"Recipe with id 4 not found","level":"error"}
{"message":"Recipe with id 4 not found","level":"error"}
{"message":"Recipe with id 4 not found","level":"error"}
{"message":"Recipe with id 4 not found","level":"error"}
{"message":"Recipe with id 4 not found","level":"error"}
{"message":"Recipe with id 4 not found","level":"error"}
{"message":"Recipe with id 4 not found","level":"error"}
{"message":"Recipe with id 4 not found","level":"error"}
{"message":"Recipe with id 4 not found","level":"error"}
{"message":"Recipe with id 4 not found","level":"error"}
{"message":"Recipe with id 4 not found","level":"error"}
{"message":"Recipe with id 4 not found","level":"error"}
{"message":"Recipe with id 4 not found","level":"error"}
{"message":"Recipe with id 4 not found","level":"error"}
{"message":"Recipe with id 4 not found","level":"error"}
{"message":"Recipe with id 4 not found","level":"error"}
{"message":"Recipe with id 4 not found","level":"error"}
{"message":"Recipe with id 4 not found","level":"error"}
{"message":"Recipe with id 4 not found","level":"error"}
{"message":"Recipe with id 4 not found","level":"error"}
{"message":"Recipe with id 4 not found","level":"error"}
{"message":"Recipe with id 4 not found","level":"error"}
{"message":"Recipe with id 4 not found","level":"error"}
{"message":"Recipe with id 4 not found","level":"error"}
{"message":"Recipe with id 4 not found","level":"error"}
{"message":"Recipe with id 4 not found","level":"error"}
{"message":"Recipe with id 4 not found","level":"error"}
{"message":"Recipe with id 4 not found","level":"error"}
{"message":"Recipe with id 4 not found","level":"error"}
{"message":"Recipe with id 20 has been deleted","level":"info"}
{"message":"Recipe with id 20 not found","level":"error"}
{"message":"Recipe with id of 25 was created","level":"info"}
{"message":"Recipe with id 4 not found","level":"error"}
{"message":"Recipe with id 4 not found","level":"error"}
{"message":"Recipe with id 4 not found","level":"error"}
{"message":"Recipe with id 4 not found","level":"error"}
{"message":"Recipe with id 4 not found","level":"error"}
{"message":"Recipe with id 4 not found","level":"error"}
{"message":"Recipe with id 4 not found","level":"error"}
{"message":"Recipe with id 4 not found","level":"error"}
{"message":"Recipe with id 4 not found","level":"error"}
{"message":"Recipe with id 4 not found","level":"error"}
{"message":"Recipe with id 4 not found","level":"error"}
{"message":"Recipe with id 4 not found","level":"error"}
{"message":"Recipe with id 4 not found","level":"error"}
{"message":"Recipe with id 4 not found","level":"error"}
{"message":"Recipe with id 4 not found","level":"error"}
{"message":"Recipe with id 4 not found","level":"error"}
{"message":"Recipe with id 4 not found","level":"error"}
{"message":"Recipe with id 4 not found","level":"error"}
{"message":"Recipe with id 4 not found","level":"error"}
{"message":"Recipe with id of 31 was created","level":"info"}
{"message":"Recipe with id 4 not found","level":"error"}
{"message":"Recipe with id 4 not found","level":"error"}
{"message":"Recipe with id 31 has been deleted","level":"info"}
{"message":"Recipe with id 31 not found","level":"error"}
{"message":"Recipe with id 4 not found","level":"error"}
{"message":"Recipe with id 25 has been deleted","level":"info"}
{"message":"Recipe with id of 32 was created","level":"info"}
{"message":"Recipe with id 4 not found","level":"error"}
{"message":"Recipe with id 4 not found","level":"error"}
{"message":"Recipe with id 4 not found","level":"error"}
{"message":"Recipe with id 4 not found","level":"error"}
{"message":"Recipe with id 4 not found","level":"error"}
{"message":"Recipe with id 4 not found","level":"error"}
{"message":"Recipe with id 4 not found","level":"error"}
{"message":"Recipe with id 4 not found","level":"error"}
{"message":"Recipe with id 4 not found","level":"error"}
{"message":"Recipe with id 32 has been deleted","level":"info"}
{"message":"Recipe with id 32 not found","level":"error"}
{"message":"Recipe with id 32 not found","level":"error"}
{"message":"Recipe with id of 33 was created","level":"info"}
{"message":"Recipe with id 4 not found","level":"error"}
{"message":"Recipe with id 4 not found","level":"error"}
{"message":"Recipe with id 4 not found","level":"error"}
{"message":"Recipe with id 4 not found","level":"error"}
{"message":"Recipe with id 4 not found","level":"error"}
{"message":"Recipe with id 4 not found","level":"error"}
{"message":"Recipe with id of 34 was created","level":"info"}
{"message":"Recipe with id 4 not found","level":"error"}
{"message":"Recipe with id 4 not found","level":"error"}
{"message":"Recipe with id 4 not found","level":"error"}
{"message":"Recipe with id 4 not found","level":"error"}
{"message":"Recipe with id 4 not found","level":"error"}
{"message":"Recipe with id 4 not found","level":"error"}
{"message":"Recipe with id 4 not found","level":"error"}
{"message":"Recipe with id 4 not found","level":"error"}
{"message":"Recipe with id 4 not found","level":"error"}
{"message":"Recipe with id 4 not found","level":"error"}
{"message":"Recipe with id 4 not found","level":"error"}
{"message":"Recipe with id 4 not found","level":"error"}
{"message":"Recipe with id 4 not found","level":"error"}
{"message":"Recipe with id 4 not found","level":"error"}
{"message":"Recipe with id 4 not found","level":"error"}
{"message":"Recipe with id 4 not found","level":"error"}
{"message":"Recipe with id 4 not found","level":"error"}
{"message":"Recipe with id 4 not found","level":"error"}
{"message":"Recipe with id 4 not found","level":"error"}
{"message":"Recipe with id 4 not found","level":"error"}
{"message":"Recipe with id 4 not found","level":"error"}
{"message":"Recipe with id 4 not found","level":"error"}
{"message":"Recipe with id 4 not found","level":"error"}
{"message":"Recipe with id 4 not found","level":"error"}
{"message":"Recipe with id 4 not found","level":"error"}
{"message":"Recipe with id 4 not found","level":"error"}
{"message":"Recipe with id 4 not found","level":"error"}
{"message":"Recipe with id 4 not found","level":"error"}
{"message":"Recipe with id 34 has been deleted","level":"info"}
{"message":"Recipe with id of 4 was created","level":"info"}
{"message":"Recipe with id 4 has been deleted","level":"info"}
{"message":"Recipe with id of 5 was created","level":"info"}
{"message":"Recipe with id of 6 was created","level":"info"}
{"message":"Recipe with id of 7 was created","level":"info"}
